

> converter@0.0.1 format /Users/hieudoan/git/github.com/hieudoanm/apps/converter/packages/web
> prettier --cache --write .

.node-version[2K[1G.npmrc[2K[1G.nvmrc[2K[1G.prettierignore[2K[1G.prettierrc.json[2K[1G[90m.prettierrc.json[39m 10ms (unchanged)
.turbo/turbo-build.log[2K[1G.turbo/turbo-format.log[2K[1G.turbo/turbo-lint.log[2K[1Geslint.config.mjs[2K[1G[90meslint.config.mjs[39m 21ms (unchanged)
next.config.ts[2K[1G[90mnext.config.ts[39m 10ms (unchanged)
package.json[2K[1G[90mpackage.json[39m 1ms (unchanged)
postcss.config.mjs[2K[1G[90mpostcss.config.mjs[39m 1ms (unchanged)
public/favicon.ico[2K[1Gpublic/file.svg[2K[1Gpublic/globe.svg[2K[1Gpublic/next.svg[2K[1Gpublic/vercel.svg[2K[1Gpublic/window.svg[2K[1GREADME.md[2K[1G[90mREADME.md[39m 15ms (unchanged)
src-tauri/.gitignore[2K[1Gsrc-tauri/build.rs[2K[1Gsrc-tauri/capabilities/default.json[2K[1G[90msrc-tauri/capabilities/default.json[39m 1ms (unchanged)
src-tauri/Cargo.toml[2K[1Gsrc-tauri/icons/128x128.png[2K[1Gsrc-tauri/icons/128x128@2x.png[2K[1Gsrc-tauri/icons/32x32.png[2K[1Gsrc-tauri/icons/icon.icns[2K[1Gsrc-tauri/icons/icon.ico[2K[1Gsrc-tauri/icons/icon.png[2K[1Gsrc-tauri/icons/Square107x107Logo.png[2K[1Gsrc-tauri/icons/Square142x142Logo.png[2K[1Gsrc-tauri/icons/Square150x150Logo.png[2K[1Gsrc-tauri/icons/Square284x284Logo.png[2K[1Gsrc-tauri/icons/Square30x30Logo.png[2K[1Gsrc-tauri/icons/Square310x310Logo.png[2K[1Gsrc-tauri/icons/Square44x44Logo.png[2K[1Gsrc-tauri/icons/Square71x71Logo.png[2K[1Gsrc-tauri/icons/Square89x89Logo.png[2K[1Gsrc-tauri/icons/StoreLogo.png[2K[1Gsrc-tauri/src/lib.rs[2K[1Gsrc-tauri/src/main.rs[2K[1Gsrc-tauri/tauri.conf.json[2K[1G[90msrc-tauri/tauri.conf.json[39m 1ms (unchanged)
src/components/landing/CallToAction.tsx[2K[1G[90msrc/components/landing/CallToAction.tsx[39m 9ms (unchanged)
src/components/landing/Features.tsx[2K[1G[90msrc/components/landing/Features.tsx[39m 5ms (unchanged)
src/components/landing/Footer.tsx[2K[1G[90msrc/components/landing/Footer.tsx[39m 4ms (unchanged)
src/components/landing/Hero.tsx[2K[1G[90msrc/components/landing/Hero.tsx[39m 4ms (unchanged)
src/components/landing/Landing.tsx[2K[1G[90msrc/components/landing/Landing.tsx[39m 7ms (unchanged)
src/components/shared/Divider.tsx[2K[1G[90msrc/components/shared/Divider.tsx[39m 2ms (unchanged)
src/components/shared/Glass.tsx[2K[1G[90msrc/components/shared/Glass.tsx[39m 5ms (unchanged)
src/components/shared/Linear.tsx[2K[1G[90msrc/components/shared/Linear.tsx[39m 4ms (unchanged)
src/components/shared/Navbar.tsx[2K[1G[90msrc/components/shared/Navbar.tsx[39m 4ms (unchanged)
src/constants/index.ts[2K[1G[90msrc/constants/index.ts[39m 4ms (unchanged)
src/pages/_app.tsx[2K[1G[90msrc/pages/_app.tsx[39m 3ms (unchanged)
src/pages/_document.tsx[2K[1G[90msrc/pages/_document.tsx[39m 2ms (unchanged)
src/pages/404.tsx[2K[1G[90msrc/pages/404.tsx[39m 3ms (unchanged)
src/pages/500.tsx[2K[1G[90msrc/pages/500.tsx[39m 2ms (unchanged)
src/pages/colors/index.tsx[2K[1G[90msrc/pages/colors/index.tsx[39m 7ms (unchanged)
src/pages/csv/index.tsx[2K[1G[90msrc/pages/csv/index.tsx[39m 9ms (unchanged)
src/pages/index.tsx[2K[1G[90msrc/pages/index.tsx[39m 2ms (unchanged)
src/pages/json/index.tsx[2K[1G[90msrc/pages/json/index.tsx[39m 9ms (unchanged)
src/pages/manifest/index.tsx[2K[1G[90msrc/pages/manifest/index.tsx[39m 6ms (unchanged)
src/pages/yaml/index.tsx[2K[1G[90msrc/pages/yaml/index.tsx[39m 4ms (unchanged)
src/styles/globals.css[2K[1G[90msrc/styles/globals.css[39m 3ms (unchanged)
src/templates/ErrorTemplate.tsx[2K[1G[90msrc/templates/ErrorTemplate.tsx[39m 2ms (unchanged)
src/utils/colors/code/cmyk.ts[2K[1G[90msrc/utils/colors/code/cmyk.ts[39m 7ms (unchanged)
src/utils/colors/code/hex.ts[2K[1G[90msrc/utils/colors/code/hex.ts[39m 11ms (unchanged)
src/utils/colors/code/hsl.ts[2K[1G[90msrc/utils/colors/code/hsl.ts[39m 8ms (unchanged)
src/utils/colors/code/oklch.ts[2K[1G[90msrc/utils/colors/code/oklch.ts[39m 5ms (unchanged)
src/utils/colors/code/rgb.ts[2K[1G[90msrc/utils/colors/code/rgb.ts[39m 6ms (unchanged)
src/utils/colors/utils.ts[2K[1G[90msrc/utils/colors/utils.ts[39m 3ms (unchanged)
src/utils/copy.ts[2K[1G[90msrc/utils/copy.ts[39m 2ms (unchanged)
src/utils/csv/csv.test.ts[2K[1G[90msrc/utils/csv/csv.test.ts[39m 3ms (unchanged)
src/utils/csv/csv.ts[2K[1G[90msrc/utils/csv/csv.ts[39m 9ms (unchanged)
src/utils/json/json.test.ts[2K[1G[90msrc/utils/json/json.test.ts[39m 3ms (unchanged)
src/utils/json/json.ts[2K[1G[90msrc/utils/json/json.ts[39m 8ms (unchanged)
tsconfig.json[2K[1G[90mtsconfig.json[39m 1ms (unchanged)
